[2025-12-14T07:22:46.675+0000] {local_task_job_runner.py:120} INFO - ::group::Pre task execution logs
[2025-12-14T07:22:46.693+0000] {taskinstance.py:2076} INFO - Dependencies all met for dep_context=non-requeueable deps ti=<TaskInstance: caspian_full_pipeline.dbt_deps manual__2025-12-14T07:22:45+00:00 [queued]>
[2025-12-14T07:22:46.698+0000] {taskinstance.py:2076} INFO - Dependencies all met for dep_context=requeueable deps ti=<TaskInstance: caspian_full_pipeline.dbt_deps manual__2025-12-14T07:22:45+00:00 [queued]>
[2025-12-14T07:22:46.698+0000] {taskinstance.py:2306} INFO - Starting attempt 1 of 1
[2025-12-14T07:22:46.709+0000] {taskinstance.py:2330} INFO - Executing <Task(BashOperator): dbt_deps> on 2025-12-14 07:22:45+00:00
[2025-12-14T07:22:46.715+0000] {warnings.py:112} WARNING - /home/***/.local/lib/python3.12/site-packages/***/task/task_runner/standard_task_runner.py:62: DeprecationWarning: This process (pid=48) is multi-threaded, use of fork() may lead to deadlocks in the child.
  pid = os.fork()

[2025-12-14T07:22:46.716+0000] {standard_task_runner.py:64} INFO - Started process 49 to run task
[2025-12-14T07:22:46.716+0000] {standard_task_runner.py:90} INFO - Running: ['***', 'tasks', 'run', 'caspian_full_pipeline', 'dbt_deps', 'manual__2025-12-14T07:22:45+00:00', '--job-id', '171', '--raw', '--subdir', 'DAGS_FOLDER/caspian_full_pipeline.py', '--cfg-path', '/tmp/tmpy4difdo5']
[2025-12-14T07:22:46.717+0000] {standard_task_runner.py:91} INFO - Job 171: Subtask dbt_deps
[2025-12-14T07:22:46.748+0000] {task_command.py:426} INFO - Running <TaskInstance: caspian_full_pipeline.dbt_deps manual__2025-12-14T07:22:45+00:00 [running]> on host 6ab5ea40ad52
[2025-12-14T07:22:46.813+0000] {taskinstance.py:2648} INFO - Exporting env vars: AIRFLOW_CTX_DAG_OWNER='***' AIRFLOW_CTX_DAG_ID='caspian_full_pipeline' AIRFLOW_CTX_TASK_ID='dbt_deps' AIRFLOW_CTX_EXECUTION_DATE='2025-12-14T07:22:45+00:00' AIRFLOW_CTX_TRY_NUMBER='1' AIRFLOW_CTX_DAG_RUN_ID='manual__2025-12-14T07:22:45+00:00'
[2025-12-14T07:22:46.814+0000] {taskinstance.py:430} INFO - ::endgroup::
[2025-12-14T07:22:46.835+0000] {subprocess.py:63} INFO - Tmp dir root location: /tmp
[2025-12-14T07:22:46.835+0000] {subprocess.py:75} INFO - Running command: ['/usr/bin/bash', '-c', '\nset -euo pipefail\nexport DBT_PROFILES_DIR=/opt/project/caspian_vault/dbt_profiles\nexport DBT_LOG_PATH=/opt/***/logs/dbt\nexport DBT_TARGET_PATH=/opt/***/dbt_target\nexport DBT_STATE_PATH=/opt/***/dbt_state\nexport DBT_PACKAGES_INSTALL_PATH=/opt/***/dbt_packages\n\nmkdir -p "$DBT_LOG_PATH" "$DBT_TARGET_PATH" "$DBT_PACKAGES_INSTALL_PATH"\ncd /opt/project/caspian_vault\n\n/home/***/.local/bin/dbt deps --profiles-dir /home/***/.dbt --target-path /opt/***/dbt_cache/target --log-path /opt/***/dbt_cache/logs --profile caspian_vault --target dev']
[2025-12-14T07:22:46.847+0000] {subprocess.py:86} INFO - Output:
[2025-12-14T07:22:48.229+0000] {subprocess.py:93} INFO - Usage: dbt deps [OPTIONS]
[2025-12-14T07:22:48.229+0000] {subprocess.py:93} INFO - Try 'dbt deps -h' for help.
[2025-12-14T07:22:48.229+0000] {subprocess.py:93} INFO - 
[2025-12-14T07:22:48.229+0000] {subprocess.py:93} INFO - Error: No such option: --target-path (Possible options: --log-path, --target)
[2025-12-14T07:22:48.366+0000] {subprocess.py:97} INFO - Command exited with return code 2
[2025-12-14T07:22:48.366+0000] {taskinstance.py:441} INFO - ::group::Post task execution logs
[2025-12-14T07:22:48.376+0000] {taskinstance.py:2905} ERROR - Task failed with exception
Traceback (most recent call last):
  File "/home/airflow/.local/lib/python3.12/site-packages/airflow/models/taskinstance.py", line 465, in _execute_task
    result = _execute_callable(context=context, **execute_callable_kwargs)
             ^^^^^^^^^^^^^^^^^^^^^^^^^^^^^^^^^^^^^^^^^^^^^^^^^^^^^^^^^^^^^
  File "/home/airflow/.local/lib/python3.12/site-packages/airflow/models/taskinstance.py", line 432, in _execute_callable
    return execute_callable(context=context, **execute_callable_kwargs)
           ^^^^^^^^^^^^^^^^^^^^^^^^^^^^^^^^^^^^^^^^^^^^^^^^^^^^^^^^^^^^
  File "/home/airflow/.local/lib/python3.12/site-packages/airflow/models/baseoperator.py", line 401, in wrapper
    return func(self, *args, **kwargs)
           ^^^^^^^^^^^^^^^^^^^^^^^^^^^
  File "/home/airflow/.local/lib/python3.12/site-packages/airflow/operators/bash.py", line 243, in execute
    raise AirflowException(
airflow.exceptions.AirflowException: Bash command failed. The command returned a non-zero exit code 2.
[2025-12-14T07:22:48.380+0000] {taskinstance.py:1206} INFO - Marking task as FAILED. dag_id=caspian_full_pipeline, task_id=dbt_deps, run_id=manual__2025-12-14T07:22:45+00:00, execution_date=20251214T072245, start_date=20251214T072246, end_date=20251214T072248
[2025-12-14T07:22:48.390+0000] {standard_task_runner.py:110} ERROR - Failed to execute job 171 for task dbt_deps (Bash command failed. The command returned a non-zero exit code 2.; 49)
[2025-12-14T07:22:48.413+0000] {local_task_job_runner.py:243} INFO - Task exited with return code 1
[2025-12-14T07:22:48.432+0000] {taskinstance.py:3503} INFO - 0 downstream tasks scheduled from follow-on schedule check
[2025-12-14T07:22:48.436+0000] {local_task_job_runner.py:222} INFO - ::endgroup::
