[2025-12-14T07:31:37.207+0000] {local_task_job_runner.py:120} INFO - ::group::Pre task execution logs
[2025-12-14T07:31:37.225+0000] {taskinstance.py:2076} INFO - Dependencies all met for dep_context=non-requeueable deps ti=<TaskInstance: caspian_full_pipeline.dbt_build_staging manual__2025-12-14T07:31:31+00:00 [queued]>
[2025-12-14T07:31:37.230+0000] {taskinstance.py:2076} INFO - Dependencies all met for dep_context=requeueable deps ti=<TaskInstance: caspian_full_pipeline.dbt_build_staging manual__2025-12-14T07:31:31+00:00 [queued]>
[2025-12-14T07:31:37.230+0000] {taskinstance.py:2306} INFO - Starting attempt 1 of 1
[2025-12-14T07:31:37.241+0000] {taskinstance.py:2330} INFO - Executing <Task(BashOperator): dbt_build_staging> on 2025-12-14 07:31:31+00:00
[2025-12-14T07:31:37.247+0000] {warnings.py:112} WARNING - /home/***/.local/lib/python3.12/site-packages/***/task/task_runner/standard_task_runner.py:62: DeprecationWarning: This process (pid=53) is multi-threaded, use of fork() may lead to deadlocks in the child.
  pid = os.fork()

[2025-12-14T07:31:37.248+0000] {standard_task_runner.py:64} INFO - Started process 54 to run task
[2025-12-14T07:31:37.248+0000] {standard_task_runner.py:90} INFO - Running: ['***', 'tasks', 'run', 'caspian_full_pipeline', 'dbt_build_staging', 'manual__2025-12-14T07:31:31+00:00', '--job-id', '174', '--raw', '--subdir', 'DAGS_FOLDER/caspian_full_pipeline.py', '--cfg-path', '/tmp/tmppf4wiowz']
[2025-12-14T07:31:37.248+0000] {standard_task_runner.py:91} INFO - Job 174: Subtask dbt_build_staging
[2025-12-14T07:31:37.279+0000] {task_command.py:426} INFO - Running <TaskInstance: caspian_full_pipeline.dbt_build_staging manual__2025-12-14T07:31:31+00:00 [running]> on host 6ab5ea40ad52
[2025-12-14T07:31:37.344+0000] {taskinstance.py:2648} INFO - Exporting env vars: AIRFLOW_CTX_DAG_OWNER='***' AIRFLOW_CTX_DAG_ID='caspian_full_pipeline' AIRFLOW_CTX_TASK_ID='dbt_build_staging' AIRFLOW_CTX_EXECUTION_DATE='2025-12-14T07:31:31+00:00' AIRFLOW_CTX_TRY_NUMBER='1' AIRFLOW_CTX_DAG_RUN_ID='manual__2025-12-14T07:31:31+00:00'
[2025-12-14T07:31:37.345+0000] {taskinstance.py:430} INFO - ::endgroup::
[2025-12-14T07:31:37.354+0000] {subprocess.py:63} INFO - Tmp dir root location: /tmp
[2025-12-14T07:31:37.355+0000] {subprocess.py:75} INFO - Running command: ['/usr/bin/bash', '-c', '\nset -euo pipefail\nexport DBT_PROFILES_DIR=/opt/project/caspian_vault/dbt_profiles\nexport DBT_LOG_PATH=/opt/***/logs/dbt\nexport DBT_TARGET_PATH=/opt/***/dbt_target\nexport DBT_STATE_PATH=/opt/***/dbt_state\nexport DBT_PACKAGES_INSTALL_PATH=/opt/***/dbt_packages\n\nmkdir -p "$DBT_LOG_PATH" "$DBT_TARGET_PATH" "$DBT_PACKAGES_INSTALL_PATH"\ncd /opt/project/caspian_vault\n\n/home/***/.local/bin/dbt build --profiles-dir /home/***/.dbt --target-path /opt/***/dbt_cache/target --log-path /opt/***/dbt_cache/logs --profile caspian_vault --target dev  --select "staging"']
[2025-12-14T07:31:37.364+0000] {subprocess.py:86} INFO - Output:
[2025-12-14T07:31:38.786+0000] {subprocess.py:93} INFO - [0m07:31:38  Running with dbt=1.10.15
[2025-12-14T07:31:38.814+0000] {subprocess.py:93} INFO - INFO:trino.auth:keyring module not found. OAuth2 token will not be stored in keyring.
[2025-12-14T07:31:38.816+0000] {subprocess.py:93} INFO - INFO:trino.auth:keyring module not found. OAuth2 token will not be stored in keyring.
[2025-12-14T07:31:38.845+0000] {subprocess.py:93} INFO - [0m07:31:38  [[33mWARNING[0m]: Deprecated functionality
[2025-12-14T07:31:38.845+0000] {subprocess.py:93} INFO - The `log-path` config in `dbt_project.yml` has been deprecated, and will no
[2025-12-14T07:31:38.845+0000] {subprocess.py:93} INFO - longer be supported in a future version of dbt-core. If you wish to write dbt
[2025-12-14T07:31:38.845+0000] {subprocess.py:93} INFO - logs to a custom directory, please use the --log-path CLI flag or DBT_LOG_PATH
[2025-12-14T07:31:38.845+0000] {subprocess.py:93} INFO - env var instead.
[2025-12-14T07:31:38.846+0000] {subprocess.py:93} INFO - [0m07:31:38  [[33mWARNING[0m]: Deprecated functionality
[2025-12-14T07:31:38.846+0000] {subprocess.py:93} INFO - The `target-path` config in `dbt_project.yml` has been deprecated, and will no
[2025-12-14T07:31:38.846+0000] {subprocess.py:93} INFO - longer be supported in a future version of dbt-core. If you wish to write dbt
[2025-12-14T07:31:38.846+0000] {subprocess.py:93} INFO - artifacts to a custom directory, please use the --target-path CLI flag or
[2025-12-14T07:31:38.846+0000] {subprocess.py:93} INFO - DBT_TARGET_PATH env var instead.
[2025-12-14T07:31:39.038+0000] {subprocess.py:93} INFO - [0m07:31:39  Registered adapter: trino=1.9.3
[2025-12-14T07:31:39.236+0000] {subprocess.py:93} INFO - [0m07:31:39  Unable to do partial parsing because profile has changed
[2025-12-14T07:31:39.236+0000] {subprocess.py:93} INFO - [0m07:31:39  Unable to do partial parsing because a project dependency has been added
[2025-12-14T07:31:40.539+0000] {subprocess.py:93} INFO - [0m07:31:40  [[33mWARNING[0m][MissingArgumentsPropertyInGenericTestDeprecation]: Deprecated
[2025-12-14T07:31:40.540+0000] {subprocess.py:93} INFO - functionality
[2025-12-14T07:31:40.540+0000] {subprocess.py:93} INFO - Found top-level arguments to test `dbt_utils.expression_is_true`. Arguments to
[2025-12-14T07:31:40.540+0000] {subprocess.py:93} INFO - generic tests should be nested under the `arguments` property.`
[2025-12-14T07:31:40.794+0000] {subprocess.py:93} INFO - [0m07:31:40  [[33mWARNING[0m]: Configuration paths exist in your dbt_project.yml file which do not apply to any resources.
[2025-12-14T07:31:40.794+0000] {subprocess.py:93} INFO - There are 1 unused configuration paths:
[2025-12-14T07:31:40.794+0000] {subprocess.py:93} INFO - - models.caspian_vault.example
[2025-12-14T07:31:40.904+0000] {subprocess.py:93} INFO - [0m07:31:40  Found 13 models, 1 snapshot, 19 data tests, 3 sources, 574 macros
[2025-12-14T07:31:40.906+0000] {subprocess.py:93} INFO - [0m07:31:40
[2025-12-14T07:31:40.906+0000] {subprocess.py:93} INFO - [0m07:31:40  Concurrency: 8 threads (target='dev')
[2025-12-14T07:31:40.906+0000] {subprocess.py:93} INFO - [0m07:31:40
[2025-12-14T07:31:40.945+0000] {subprocess.py:93} INFO - [0m07:31:40  [[33mWARNING[0m]: SSL certificate validation is disabled by default. It is legacy behavior which will be changed in future releases. It is strongly advised to enable `require_certificate_validation` flag or explicitly set `cert` configuration to `True` for security reasons. You may receive an error after that if your SSL setup is incorrect.
[2025-12-14T07:31:40.946+0000] {subprocess.py:93} INFO - You may opt into the new behavior sooner by setting `flags.require_certificate_validation` to `True` in `dbt_project.yml`.
[2025-12-14T07:31:40.946+0000] {subprocess.py:93} INFO - Visit https://docs.getdbt.com/reference/global-configs/behavior-changes for more information.
[2025-12-14T07:31:41.947+0000] {subprocess.py:93} INFO - [0m07:31:41  1 of 4 START sql table model analytics.stg_readings ............................ [RUN]
[2025-12-14T07:31:42.065+0000] {subprocess.py:93} INFO - [0m07:31:42  1 of 4 ERROR creating sql table model analytics.stg_readings ................... [[31mERROR[0m in 0.12s]
[2025-12-14T07:31:42.068+0000] {subprocess.py:93} INFO - [0m07:31:42  2 of 4 SKIP test dbt_utils_expression_is_true_stg_readings_survey_type_id_is_not_null  [[33mSKIP[0m]
[2025-12-14T07:31:42.068+0000] {subprocess.py:93} INFO - [0m07:31:42  3 of 4 SKIP test dbt_utils_expression_is_true_stg_readings_well_id_is_not_null . [[33mSKIP[0m]
[2025-12-14T07:31:42.071+0000] {subprocess.py:93} INFO - [0m07:31:42  4 of 4 SKIP test test_counts_match ............................................. [[33mSKIP[0m]
[2025-12-14T07:31:42.074+0000] {subprocess.py:93} INFO - [0m07:31:42
[2025-12-14T07:31:42.074+0000] {subprocess.py:93} INFO - [0m07:31:42  Finished running 1 table model, 3 data tests in 0 hours 0 minutes and 1.17 seconds (1.17s).
[2025-12-14T07:31:42.104+0000] {subprocess.py:93} INFO - [0m07:31:42
[2025-12-14T07:31:42.105+0000] {subprocess.py:93} INFO - [0m07:31:42  [31mCompleted with 1 error, 0 partial successes, and 0 warnings:[0m
[2025-12-14T07:31:42.105+0000] {subprocess.py:93} INFO - [0m07:31:42
[2025-12-14T07:31:42.105+0000] {subprocess.py:93} INFO - [0m07:31:42  [31mFailure in model stg_readings (models/staging/stg_readings.sql)[0m
[2025-12-14T07:31:42.106+0000] {subprocess.py:93} INFO - [0m07:31:42    Database Error in model stg_readings (models/staging/stg_readings.sql)
[2025-12-14T07:31:42.106+0000] {subprocess.py:93} INFO -   TrinoUserError(type=USER_ERROR, name=SCHEMA_NOT_FOUND, message="line 21:10: Schema 'public' does not exist", query_id=20251214_073141_00006_xq5w4)
[2025-12-14T07:31:42.106+0000] {subprocess.py:93} INFO -   compiled code at /opt/***/dbt_cache/target/run/caspian_vault/models/staging/stg_readings.sql
[2025-12-14T07:31:42.106+0000] {subprocess.py:93} INFO - [0m07:31:42
[2025-12-14T07:31:42.106+0000] {subprocess.py:93} INFO - [0m07:31:42    compiled code at /opt/***/dbt_cache/target/compiled/caspian_vault/models/staging/stg_readings.sql
[2025-12-14T07:31:42.107+0000] {subprocess.py:93} INFO - [0m07:31:42
[2025-12-14T07:31:42.107+0000] {subprocess.py:93} INFO - [0m07:31:42  Done. PASS=0 WARN=0 ERROR=1 SKIP=3 NO-OP=0 TOTAL=4
[2025-12-14T07:31:42.107+0000] {subprocess.py:93} INFO - [0m07:31:42  [[33mWARNING[0m][DeprecationsSummary]: Deprecated functionality
[2025-12-14T07:31:42.107+0000] {subprocess.py:93} INFO - Summary of encountered deprecations:
[2025-12-14T07:31:42.108+0000] {subprocess.py:93} INFO - - ConfigLogPathDeprecation: 1 occurrence
[2025-12-14T07:31:42.108+0000] {subprocess.py:93} INFO - - ConfigTargetPathDeprecation: 1 occurrence
[2025-12-14T07:31:42.108+0000] {subprocess.py:93} INFO - - MissingArgumentsPropertyInGenericTestDeprecation: 5 occurrences
[2025-12-14T07:31:42.108+0000] {subprocess.py:93} INFO - To see all deprecation instances instead of just the first occurrence of each,
[2025-12-14T07:31:42.108+0000] {subprocess.py:93} INFO - run command again with the `--show-all-deprecations` flag. You may also need to
[2025-12-14T07:31:42.108+0000] {subprocess.py:93} INFO - run with `--no-partial-parse` as some deprecations are only encountered during
[2025-12-14T07:31:42.108+0000] {subprocess.py:93} INFO - parsing.
[2025-12-14T07:31:42.778+0000] {subprocess.py:97} INFO - Command exited with return code 1
[2025-12-14T07:31:42.778+0000] {taskinstance.py:441} INFO - ::group::Post task execution logs
[2025-12-14T07:31:42.789+0000] {taskinstance.py:2905} ERROR - Task failed with exception
Traceback (most recent call last):
  File "/home/airflow/.local/lib/python3.12/site-packages/airflow/models/taskinstance.py", line 465, in _execute_task
    result = _execute_callable(context=context, **execute_callable_kwargs)
             ^^^^^^^^^^^^^^^^^^^^^^^^^^^^^^^^^^^^^^^^^^^^^^^^^^^^^^^^^^^^^
  File "/home/airflow/.local/lib/python3.12/site-packages/airflow/models/taskinstance.py", line 432, in _execute_callable
    return execute_callable(context=context, **execute_callable_kwargs)
           ^^^^^^^^^^^^^^^^^^^^^^^^^^^^^^^^^^^^^^^^^^^^^^^^^^^^^^^^^^^^
  File "/home/airflow/.local/lib/python3.12/site-packages/airflow/models/baseoperator.py", line 401, in wrapper
    return func(self, *args, **kwargs)
           ^^^^^^^^^^^^^^^^^^^^^^^^^^^
  File "/home/airflow/.local/lib/python3.12/site-packages/airflow/operators/bash.py", line 243, in execute
    raise AirflowException(
airflow.exceptions.AirflowException: Bash command failed. The command returned a non-zero exit code 1.
[2025-12-14T07:31:42.792+0000] {taskinstance.py:1206} INFO - Marking task as FAILED. dag_id=caspian_full_pipeline, task_id=dbt_build_staging, run_id=manual__2025-12-14T07:31:31+00:00, execution_date=20251214T073131, start_date=20251214T073137, end_date=20251214T073142
[2025-12-14T07:31:42.802+0000] {standard_task_runner.py:110} ERROR - Failed to execute job 174 for task dbt_build_staging (Bash command failed. The command returned a non-zero exit code 1.; 54)
[2025-12-14T07:31:42.827+0000] {local_task_job_runner.py:243} INFO - Task exited with return code 1
[2025-12-14T07:31:42.844+0000] {taskinstance.py:3503} INFO - 0 downstream tasks scheduled from follow-on schedule check
[2025-12-14T07:31:42.848+0000] {local_task_job_runner.py:222} INFO - ::endgroup::
